<?xml version="1.0" encoding="UTF-8"?>
<coverage generated="1627236365389" clover="3.2.0">
  <project timestamp="1627236365390" name="All files">
    <metrics statements="16" coveredstatements="16" conditionals="4" coveredconditionals="4" methods="6" coveredmethods="6" elements="26" coveredelements="26" complexity="0" loc="16" ncloc="16" packages="1" files="1" classes="1"/>
    <file name="linked-list.js" path="/Users/harikrishnan/Documents/Projects/algorithms-and-data-structures-in-javascript/linked-list/linked-list.js">
      <metrics statements="16" coveredstatements="16" conditionals="4" coveredconditionals="4" methods="6" coveredmethods="6"/>
      <line num="4" count="6" type="stmt"/>
      <line num="5" count="6" type="stmt"/>
      <line num="9" count="16" type="stmt"/>
      <line num="10" count="16" type="stmt"/>
      <line num="11" count="16" type="stmt"/>
      <line num="16" count="5" type="stmt"/>
      <line num="17" count="5" type="stmt"/>
      <line num="18" count="15" type="stmt"/>
      <line num="23" count="4" type="cond" truecount="4" falsecount="0"/>
      <line num="24" count="2" type="stmt"/>
      <line num="25" count="2" type="stmt"/>
      <line num="26" count="1" type="stmt"/>
      <line num="28" count="2" type="stmt"/>
      <line num="35" count="16" type="stmt"/>
      <line num="36" count="16" type="stmt"/>
      <line num="40" count="1" type="stmt"/>
    </file>
  </project>
</coverage>
