TN:
SF:linked-list/linked-list.js
FN:2,(anonymous_0)
FN:8,(anonymous_1)
FN:14,(anonymous_2)
FN:17,(anonymous_3)
FN:22,(anonymous_4)
FN:34,(anonymous_5)
FNF:6
FNH:6
FNDA:6,(anonymous_0)
FNDA:16,(anonymous_1)
FNDA:5,(anonymous_2)
FNDA:15,(anonymous_3)
FNDA:4,(anonymous_4)
FNDA:16,(anonymous_5)
DA:4,6
DA:5,6
DA:9,16
DA:10,16
DA:11,16
DA:16,5
DA:17,5
DA:18,15
DA:23,4
DA:24,2
DA:25,2
DA:26,1
DA:28,2
DA:35,16
DA:36,16
DA:40,1
LF:16
LH:16
BRDA:23,0,0,2
BRDA:23,0,1,2
BRDA:23,1,0,4
BRDA:23,1,1,3
BRF:4
BRH:4
end_of_record
